[20-Aug-2025 15:49:21 UTC] {"time":"2025-08-20T15:49:21+00:00","level":"php_error","uri":"/jhema/","ip":"::1","method":"GET","uid":6,"errno":2,"file":"C:\\laragon\\www\\jhema\\includes\\auth.php","line":105}
[20-Aug-2025 15:49:21 UTC] PHP Warning:  include(../includes/head.php): Failed to open stream: No such file or directory in C:\laragon\www\jhema\includes\auth.php on line 105
[20-Aug-2025 15:49:21 UTC] {"time":"2025-08-20T15:49:21+00:00","level":"php_error","uri":"/jhema/","ip":"::1","method":"GET","uid":6,"errno":2,"file":"C:\\laragon\\www\\jhema\\includes\\auth.php","line":105}
[20-Aug-2025 15:49:21 UTC] PHP Warning:  include(): Failed opening '../includes/head.php' for inclusion (include_path='.;C:/laragon/etc/php/pear') in C:\laragon\www\jhema\includes\auth.php on line 105
[20-Aug-2025 15:49:21 UTC] {"time":"2025-08-20T15:49:21+00:00","level":"php_error","uri":"/jhema/","ip":"::1","method":"GET","uid":6,"errno":2,"file":"C:\\laragon\\www\\jhema\\includes\\auth.php","line":106}
[20-Aug-2025 15:49:21 UTC] PHP Warning:  include(../includes/svg.php): Failed to open stream: No such file or directory in C:\laragon\www\jhema\includes\auth.php on line 106
[20-Aug-2025 15:49:21 UTC] {"time":"2025-08-20T15:49:21+00:00","level":"php_error","uri":"/jhema/","ip":"::1","method":"GET","uid":6,"errno":2,"file":"C:\\laragon\\www\\jhema\\includes\\auth.php","line":106}
[20-Aug-2025 15:49:21 UTC] PHP Warning:  include(): Failed opening '../includes/svg.php' for inclusion (include_path='.;C:/laragon/etc/php/pear') in C:\laragon\www\jhema\includes\auth.php on line 106
[20-Aug-2025 15:49:21 UTC] {"time":"2025-08-20T15:49:21+00:00","level":"php_error","uri":"/jhema/","ip":"::1","method":"GET","uid":6,"errno":2,"file":"C:\\laragon\\www\\jhema\\includes\\auth.php","line":107}
[20-Aug-2025 15:49:21 UTC] PHP Warning:  include(../includes/mobile-header.php): Failed to open stream: No such file or directory in C:\laragon\www\jhema\includes\auth.php on line 107
[20-Aug-2025 15:49:21 UTC] {"time":"2025-08-20T15:49:21+00:00","level":"php_error","uri":"/jhema/","ip":"::1","method":"GET","uid":6,"errno":2,"file":"C:\\laragon\\www\\jhema\\includes\\auth.php","line":107}
[20-Aug-2025 15:49:21 UTC] PHP Warning:  include(): Failed opening '../includes/mobile-header.php' for inclusion (include_path='.;C:/laragon/etc/php/pear') in C:\laragon\www\jhema\includes\auth.php on line 107
[20-Aug-2025 15:49:21 UTC] {"time":"2025-08-20T15:49:21+00:00","level":"php_error","uri":"/jhema/","ip":"::1","method":"GET","uid":6,"errno":2,"file":"C:\\laragon\\www\\jhema\\includes\\auth.php","line":108}
[20-Aug-2025 15:49:21 UTC] PHP Warning:  include(../includes/header.php): Failed to open stream: No such file or directory in C:\laragon\www\jhema\includes\auth.php on line 108
[20-Aug-2025 15:49:21 UTC] {"time":"2025-08-20T15:49:21+00:00","level":"php_error","uri":"/jhema/","ip":"::1","method":"GET","uid":6,"errno":2,"file":"C:\\laragon\\www\\jhema\\includes\\auth.php","line":108}
[20-Aug-2025 15:49:21 UTC] PHP Warning:  include(): Failed opening '../includes/header.php' for inclusion (include_path='.;C:/laragon/etc/php/pear') in C:\laragon\www\jhema\includes\auth.php on line 108
[20-Aug-2025 15:49:21 UTC] {"time":"2025-08-20T15:49:21+00:00","level":"php_error","uri":"/jhema/","ip":"::1","method":"GET","uid":6,"errno":2,"file":"C:\\laragon\\www\\jhema\\includes\\auth.php","line":111}
[20-Aug-2025 15:49:21 UTC] PHP Warning:  include(../scroll_categories.php): Failed to open stream: No such file or directory in C:\laragon\www\jhema\includes\auth.php on line 111
[20-Aug-2025 15:49:21 UTC] {"time":"2025-08-20T15:49:21+00:00","level":"php_error","uri":"/jhema/","ip":"::1","method":"GET","uid":6,"errno":2,"file":"C:\\laragon\\www\\jhema\\includes\\auth.php","line":111}
[20-Aug-2025 15:49:21 UTC] PHP Warning:  include(): Failed opening '../scroll_categories.php' for inclusion (include_path='.;C:/laragon/etc/php/pear') in C:\laragon\www\jhema\includes\auth.php on line 111
[20-Aug-2025 15:49:21 UTC] {"time":"2025-08-20T15:49:21+00:00","level":"php_error","uri":"/jhema/","ip":"::1","method":"GET","uid":6,"errno":2,"file":"C:\\laragon\\www\\jhema\\includes\\auth.php","line":302}
[20-Aug-2025 15:49:21 UTC] PHP Warning:  include(../includes/footer.php): Failed to open stream: No such file or directory in C:\laragon\www\jhema\includes\auth.php on line 302
[20-Aug-2025 15:49:21 UTC] {"time":"2025-08-20T15:49:21+00:00","level":"php_error","uri":"/jhema/","ip":"::1","method":"GET","uid":6,"errno":2,"file":"C:\\laragon\\www\\jhema\\includes\\auth.php","line":302}
[20-Aug-2025 15:49:21 UTC] PHP Warning:  include(): Failed opening '../includes/footer.php' for inclusion (include_path='.;C:/laragon/etc/php/pear') in C:\laragon\www\jhema\includes\auth.php on line 302
[20-Aug-2025 15:49:21 UTC] {"time":"2025-08-20T15:49:21+00:00","level":"php_error","uri":"/jhema/","ip":"::1","method":"GET","uid":6,"errno":2,"file":"C:\\laragon\\www\\jhema\\includes\\auth.php","line":303}
[20-Aug-2025 15:49:21 UTC] PHP Warning:  include(../includes/mobile-footer.php): Failed to open stream: No such file or directory in C:\laragon\www\jhema\includes\auth.php on line 303
[20-Aug-2025 15:49:21 UTC] {"time":"2025-08-20T15:49:21+00:00","level":"php_error","uri":"/jhema/","ip":"::1","method":"GET","uid":6,"errno":2,"file":"C:\\laragon\\www\\jhema\\includes\\auth.php","line":303}
[20-Aug-2025 15:49:21 UTC] PHP Warning:  include(): Failed opening '../includes/mobile-footer.php' for inclusion (include_path='.;C:/laragon/etc/php/pear') in C:\laragon\www\jhema\includes\auth.php on line 303
[20-Aug-2025 15:49:21 UTC] {"time":"2025-08-20T15:49:21+00:00","level":"php_error","uri":"/jhema/","ip":"::1","method":"GET","uid":6,"errno":2,"file":"C:\\laragon\\www\\jhema\\includes\\auth.php","line":304}
[20-Aug-2025 15:49:21 UTC] PHP Warning:  include(../includes/aside-form.php): Failed to open stream: No such file or directory in C:\laragon\www\jhema\includes\auth.php on line 304
[20-Aug-2025 15:49:21 UTC] {"time":"2025-08-20T15:49:21+00:00","level":"php_error","uri":"/jhema/","ip":"::1","method":"GET","uid":6,"errno":2,"file":"C:\\laragon\\www\\jhema\\includes\\auth.php","line":304}
[20-Aug-2025 15:49:21 UTC] PHP Warning:  include(): Failed opening '../includes/aside-form.php' for inclusion (include_path='.;C:/laragon/etc/php/pear') in C:\laragon\www\jhema\includes\auth.php on line 304
[20-Aug-2025 15:49:21 UTC] {"time":"2025-08-20T15:49:21+00:00","level":"php_error","uri":"/jhema/","ip":"::1","method":"GET","uid":6,"errno":2,"file":"C:\\laragon\\www\\jhema\\includes\\auth.php","line":305}
[20-Aug-2025 15:49:21 UTC] PHP Warning:  include(../includes/cart-aside.php): Failed to open stream: No such file or directory in C:\laragon\www\jhema\includes\auth.php on line 305
[20-Aug-2025 15:49:21 UTC] {"time":"2025-08-20T15:49:21+00:00","level":"php_error","uri":"/jhema/","ip":"::1","method":"GET","uid":6,"errno":2,"file":"C:\\laragon\\www\\jhema\\includes\\auth.php","line":305}
[20-Aug-2025 15:49:21 UTC] PHP Warning:  include(): Failed opening '../includes/cart-aside.php' for inclusion (include_path='.;C:/laragon/etc/php/pear') in C:\laragon\www\jhema\includes\auth.php on line 305
[20-Aug-2025 15:49:21 UTC] {"time":"2025-08-20T15:49:21+00:00","level":"php_error","uri":"/jhema/","ip":"::1","method":"GET","uid":6,"errno":2,"file":"C:\\laragon\\www\\jhema\\includes\\auth.php","line":306}
[20-Aug-2025 15:49:21 UTC] PHP Warning:  include(../includes/sitemap-nav.php): Failed to open stream: No such file or directory in C:\laragon\www\jhema\includes\auth.php on line 306
[20-Aug-2025 15:49:21 UTC] {"time":"2025-08-20T15:49:21+00:00","level":"php_error","uri":"/jhema/","ip":"::1","method":"GET","uid":6,"errno":2,"file":"C:\\laragon\\www\\jhema\\includes\\auth.php","line":306}
[20-Aug-2025 15:49:21 UTC] PHP Warning:  include(): Failed opening '../includes/sitemap-nav.php' for inclusion (include_path='.;C:/laragon/etc/php/pear') in C:\laragon\www\jhema\includes\auth.php on line 306
[20-Aug-2025 15:49:21 UTC] {"time":"2025-08-20T15:49:21+00:00","level":"php_error","uri":"/jhema/","ip":"::1","method":"GET","uid":6,"errno":2,"file":"C:\\laragon\\www\\jhema\\includes\\auth.php","line":307}
[20-Aug-2025 15:49:21 UTC] PHP Warning:  include(../includes/scroll.php): Failed to open stream: No such file or directory in C:\laragon\www\jhema\includes\auth.php on line 307
[20-Aug-2025 15:49:21 UTC] {"time":"2025-08-20T15:49:21+00:00","level":"php_error","uri":"/jhema/","ip":"::1","method":"GET","uid":6,"errno":2,"file":"C:\\laragon\\www\\jhema\\includes\\auth.php","line":307}
[20-Aug-2025 15:49:21 UTC] PHP Warning:  include(): Failed opening '../includes/scroll.php' for inclusion (include_path='.;C:/laragon/etc/php/pear') in C:\laragon\www\jhema\includes\auth.php on line 307
[20-Aug-2025 15:49:21 UTC] {"time":"2025-08-20T15:49:21+00:00","level":"php_error","uri":"/jhema/","ip":"::1","method":"GET","uid":6,"errno":2,"file":"C:\\laragon\\www\\jhema\\includes\\auth.php","line":308}
[20-Aug-2025 15:49:21 UTC] PHP Warning:  include(../includes/script-footer.php): Failed to open stream: No such file or directory in C:\laragon\www\jhema\includes\auth.php on line 308
[20-Aug-2025 15:49:21 UTC] {"time":"2025-08-20T15:49:21+00:00","level":"php_error","uri":"/jhema/","ip":"::1","method":"GET","uid":6,"errno":2,"file":"C:\\laragon\\www\\jhema\\includes\\auth.php","line":308}
[20-Aug-2025 15:49:21 UTC] PHP Warning:  include(): Failed opening '../includes/script-footer.php' for inclusion (include_path='.;C:/laragon/etc/php/pear') in C:\laragon\www\jhema\includes\auth.php on line 308
[20-Aug-2025 15:49:27 UTC] {"time":"2025-08-20T15:49:27+00:00","level":"exception","uri":"/jhema/","ip":"::1","method":"GET","uid":6,"type":"Error","file":"C:\\laragon\\www\\jhema\\includes\\aside-account.php","line":67,"trace":"#0 C:\\laragon\\www\\jhema\\includes\\header.php(301): include()\n#1 C:\\laragon\\www\\jhema\\index.php(8): require_once('C:\\\\laragon\\\\www\\\\...')\n#2 {main}"}
[20-Aug-2025 16:38:42 UTC] PHP Fatal error:  Cannot redeclare hash_password() (previously declared in C:\laragon\www\jhema\includes\auth.php:92) in C:\laragon\www\jhema\includes\userfunctions.php on line 9
[20-Aug-2025 16:38:42 UTC] {"time":"2025-08-20T16:38:42+00:00","level":"fatal","uri":"/jhema/account/auth.php?tab=login&redirect=%2Fjhema%2Fshop%2Fshop_cart.php","ip":"::1","method":"GET","uid":6,"type":64,"file":"C:\\laragon\\www\\jhema\\includes\\userfunctions.php","line":9}
[20-Aug-2025 18:27:09 UTC] {"time":"2025-08-20T18:27:09+00:00","level":"exception","uri":"/jhema/admin/tools/migrate_orders_schema.php","ip":"::1","method":"GET","uid":6,"type":"PDOException","file":"C:\\laragon\\www\\jhema\\admin\\tools\\migrate_orders_schema.php","line":130,"trace":"#0 C:\\laragon\\www\\jhema\\admin\\tools\\migrate_orders_schema.php(130): PDO->rollBack()\n#1 {main}"}
[20-Aug-2025 19:09:19 UTC] {"time":"2025-08-20T19:09:19+00:00","level":"exception","uri":"/jhema/admin/orders/update_status.php","ip":"::1","method":"POST","uid":6,"type":"Error","file":"C:\\laragon\\www\\jhema\\admin\\orders\\update_status.php","line":17,"trace":"#0 {main}"}
[20-Aug-2025 19:17:30 UTC] {"time":"2025-08-20T19:17:30+00:00","level":"exception","uri":"/jhema/admin/orders/update_status.php","ip":"::1","method":"POST","uid":6,"type":"Error","file":"C:\\laragon\\www\\jhema\\admin\\orders\\update_status.php","line":17,"trace":"#0 {main}"}
